<?xml version="1.0" encoding="UTF-8"?>
<testng-results skipped="0" failed="0" ignored="0" total="1" passed="1">
  <reporter-output>
  </reporter-output>
  <suite name="Default suite" duration-ms="14412" started-at="2022-05-22T19:22:59 ICT" finished-at="2022-05-22T19:23:14 ICT">
    <groups>
      <group name="cucumber">
        <method signature="AbstractTestNGCucumberTests.runScenario(io.cucumber.testng.PickleWrapper, io.cucumber.testng.FeatureWrapper)[pri:0, instance:Runner.Runner@eafc191]" name="runScenario" class="io.cucumber.testng.AbstractTestNGCucumberTests"/>
      </group> <!-- cucumber -->
    </groups>
    <test name="Default test" duration-ms="14412" started-at="2022-05-22T19:22:59 ICT" finished-at="2022-05-22T19:23:14 ICT">
      <class name="Runner.Runner">
        <test-method status="PASS" signature="setUpClass()[pri:0, instance:Runner.Runner@eafc191]" name="setUpClass" is-config="true" duration-ms="992" started-at="2022-05-22T19:22:59 ICT" finished-at="2022-05-22T19:23:00 ICT">
          <reporter-output>
          </reporter-output>
        </test-method> <!-- setUpClass -->
        <test-method status="PASS" signature="runScenario(io.cucumber.testng.PickleWrapper, io.cucumber.testng.FeatureWrapper)[pri:0, instance:Runner.Runner@eafc191]" name="runScenario" duration-ms="9451" started-at="2022-05-22T19:23:00 ICT" description="Runs Cucumber Scenarios" data-provider="scenarios" finished-at="2022-05-22T19:23:10 ICT">
          <params>
            <param index="0">
              <value>
                <![CDATA["Check if register page can be accessed from home page"]]>
              </value>
            </param>
            <param index="1">
              <value>
                <![CDATA["Optional[feature to test the accessability of register page and/or from home page]"]]>
              </value>
            </param>
          </params>
          <reporter-output>
          </reporter-output>
        </test-method> <!-- runScenario -->
        <test-method status="PASS" signature="tearDownClass()[pri:0, instance:Runner.Runner@eafc191]" name="tearDownClass" is-config="true" duration-ms="3936" started-at="2022-05-22T19:23:10 ICT" finished-at="2022-05-22T19:23:14 ICT">
          <reporter-output>
          </reporter-output>
        </test-method> <!-- tearDownClass -->
      </class> <!-- Runner.Runner -->
    </test> <!-- Default test -->
  </suite> <!-- Default suite -->
</testng-results>
